<?xml version="1.0" encoding="UTF-8"?>
<testng-results ignored="0" total="9" passed="9" failed="0" skipped="0">
  <reporter-output>
  </reporter-output>
  <suite started-at="2022-02-14T16:19:06 CST" name="All Test Suite" finished-at="2022-02-14T16:22:38 CST" duration-ms="212177">
    <groups>
    </groups>
    <test started-at="2022-02-14T16:19:06 CST" name="/home/noah/Code/Selenium" finished-at="2022-02-14T16:22:38 CST" duration-ms="212177">
      <class name="com.hexaware.da.test_01_registerUser">
        <test-method is-config="true" signature="setupBrowser()[pri:0, instance:com.hexaware.da.test_01_registerUser@426b6a74]" started-at="2022-02-14T16:19:06 CST" name="setupBrowser" finished-at="2022-02-14T16:19:08 CST" duration-ms="2534" status="PASS">
          <reporter-output>
          </reporter-output>
        </test-method> <!-- setupBrowser -->
        <test-method signature="registerUser(java.lang.String,java.lang.String,java.lang.String,java.lang.String,java.lang.String,java.lang.String,java.lang.String,java.lang.String,java.lang.String,java.lang.String,java.lang.String)[pri:0, instance:com.hexaware.da.test_01_registerUser@426b6a74]" started-at="2022-02-14T16:19:19 CST" name="registerUser" data-provider="tc01" finished-at="2022-02-14T16:19:37 CST" duration-ms="17937" status="PASS">
          <params>
            <param index="0">
              <value>
                <![CDATA[http://automationpractice.com/index.php]]>
              </value>
            </param>
            <param index="1">
              <value>
                <![CDATA[test0001@test.io]]>
              </value>
            </param>
            <param index="2">
              <value>
                <![CDATA[John]]>
              </value>
            </param>
            <param index="3">
              <value>
                <![CDATA[Wick]]>
              </value>
            </param>
            <param index="4">
              <value>
                <![CDATA[Pass1234]]>
              </value>
            </param>
            <param index="5">
              <value>
                <![CDATA[St Martin county]]>
              </value>
            </param>
            <param index="6">
              <value>
                <![CDATA[Florida]]>
              </value>
            </param>
            <param index="7">
              <value>
                <![CDATA[Florida]]>
              </value>
            </param>
            <param index="8">
              <value>
                <![CDATA[12345]]>
              </value>
            </param>
            <param index="9">
              <value>
                <![CDATA[777000000]]>
              </value>
            </param>
            <param index="10">
              <value>
                <![CDATA[test]]>
              </value>
            </param>
          </params>
          <reporter-output>
          </reporter-output>
        </test-method> <!-- registerUser -->
        <test-method is-config="true" signature="tearDown()[pri:0, instance:com.hexaware.da.test_01_registerUser@426b6a74]" started-at="2022-02-14T16:22:37 CST" name="tearDown" finished-at="2022-02-14T16:22:37 CST" duration-ms="128" status="PASS">
          <reporter-output>
          </reporter-output>
        </test-method> <!-- tearDown -->
      </class> <!-- com.hexaware.da.test_01_registerUser -->
      <class name="com.hexaware.da.test_04_errorMessageForIncorrectValues">
        <test-method is-config="true" signature="setupBrowser()[pri:0, instance:com.hexaware.da.test_04_errorMessageForIncorrectValues@350ec41e]" started-at="2022-02-14T16:19:11 CST" name="setupBrowser" finished-at="2022-02-14T16:19:12 CST" duration-ms="1100" status="PASS">
          <reporter-output>
          </reporter-output>
        </test-method> <!-- setupBrowser -->
        <test-method signature="errorMsgForIncorrectValues(java.lang.String,java.lang.String,java.lang.String,java.lang.String,java.lang.String,java.lang.String,java.lang.String,java.lang.String,java.lang.String)[pri:0, instance:com.hexaware.da.test_04_errorMessageForIncorrectValues@350ec41e]" started-at="2022-02-14T16:20:06 CST" name="errorMsgForIncorrectValues" data-provider="TC04" finished-at="2022-02-14T16:20:36 CST" duration-ms="30711" status="PASS">
          <params>
            <param index="0">
              <value>
                <![CDATA[http://automationpractice.com/index.php]]>
              </value>
            </param>
            <param index="1">
              <value>
                <![CDATA[test@test.io]]>
              </value>
            </param>
            <param index="2">
              <value>
                <![CDATA[99]]>
              </value>
            </param>
            <param index="3">
              <value>
                <![CDATA[99]]>
              </value>
            </param>
            <param index="4">
              <value>
                <![CDATA[Pass1234]]>
              </value>
            </param>
            <param index="5">
              <value>
                <![CDATA[@]]>
              </value>
            </param>
            <param index="6">
              <value>
                <![CDATA[ABC@#]]>
              </value>
            </param>
            <param index="7">
              <value>
                <![CDATA[ABCDEFGHIJ]]>
              </value>
            </param>
            <param index="8">
              <value>
                <![CDATA[99]]>
              </value>
            </param>
          </params>
          <reporter-output>
          </reporter-output>
        </test-method> <!-- errorMsgForIncorrectValues -->
        <test-method signature="errorMsgForIncorrectValues(java.lang.String,java.lang.String,java.lang.String,java.lang.String,java.lang.String,java.lang.String,java.lang.String,java.lang.String,java.lang.String)[pri:0, instance:com.hexaware.da.test_04_errorMessageForIncorrectValues@350ec41e]" started-at="2022-02-14T16:20:36 CST" name="errorMsgForIncorrectValues" data-provider="TC04" finished-at="2022-02-14T16:20:51 CST" duration-ms="14529" status="PASS">
          <params>
            <param index="0">
              <value>
                <![CDATA[http://automationpractice.com/index.php]]>
              </value>
            </param>
            <param index="1">
              <value>
                <![CDATA[test@test.io]]>
              </value>
            </param>
            <param index="2">
              <value>
                <![CDATA[@]]>
              </value>
            </param>
            <param index="3">
              <value>
                <![CDATA[@]]>
              </value>
            </param>
            <param index="4">
              <value>
                <![CDATA[Pass1234]]>
              </value>
            </param>
            <param index="5">
              <value>
                <![CDATA[@]]>
              </value>
            </param>
            <param index="6">
              <value>
                <![CDATA[1234]]>
              </value>
            </param>
            <param index="7">
              <value>
                <![CDATA[@#$%&]]>
              </value>
            </param>
            <param index="8">
              <value>
                <![CDATA[@#]]>
              </value>
            </param>
          </params>
          <reporter-output>
          </reporter-output>
        </test-method> <!-- errorMsgForIncorrectValues -->
        <test-method is-config="true" signature="tearDown()[pri:0, instance:com.hexaware.da.test_04_errorMessageForIncorrectValues@350ec41e]" started-at="2022-02-14T16:22:38 CST" name="tearDown" finished-at="2022-02-14T16:22:38 CST" duration-ms="76" status="PASS">
          <reporter-output>
          </reporter-output>
        </test-method> <!-- tearDown -->
      </class> <!-- com.hexaware.da.test_04_errorMessageForIncorrectValues -->
      <class name="com.hexaware.da.test_05_searchProduct">
        <test-method is-config="true" signature="setup()[pri:0, instance:com.hexaware.da.test_05_searchProduct@69637b10]" started-at="2022-02-14T16:19:12 CST" name="setup" finished-at="2022-02-14T16:19:13 CST" duration-ms="1031" status="PASS">
          <reporter-output>
          </reporter-output>
        </test-method> <!-- setup -->
        <test-method signature="mouseOver(java.lang.String)[pri:0, instance:com.hexaware.da.test_05_searchProduct@69637b10]" started-at="2022-02-14T16:20:51 CST" name="mouseOver" data-provider="TC05" finished-at="2022-02-14T16:21:06 CST" duration-ms="15074" status="PASS">
          <params>
            <param index="0">
              <value>
                <![CDATA[http://automationpractice.com/index.php]]>
              </value>
            </param>
          </params>
          <reporter-output>
          </reporter-output>
        </test-method> <!-- mouseOver -->
        <test-method is-config="true" signature="tearDown()[pri:0, instance:com.hexaware.da.test_05_searchProduct@69637b10]" started-at="2022-02-14T16:22:38 CST" name="tearDown" finished-at="2022-02-14T16:22:38 CST" duration-ms="76" status="PASS">
          <reporter-output>
          </reporter-output>
        </test-method> <!-- tearDown -->
      </class> <!-- com.hexaware.da.test_05_searchProduct -->
      <class name="com.hexaware.da.test_06_buyProduct">
        <test-method is-config="true" signature="setup()[pri:0, instance:com.hexaware.da.test_06_buyProduct@71984c3]" started-at="2022-02-14T16:19:13 CST" name="setup" finished-at="2022-02-14T16:19:14 CST" duration-ms="951" status="PASS">
          <reporter-output>
          </reporter-output>
        </test-method> <!-- setup -->
        <test-method signature="buyProduct(java.lang.String,java.lang.String,java.lang.String,java.lang.String,java.lang.String)[pri:0, instance:com.hexaware.da.test_06_buyProduct@71984c3]" started-at="2022-02-14T16:21:06 CST" name="buyProduct" data-provider="TC06" finished-at="2022-02-14T16:22:02 CST" duration-ms="55986" status="PASS">
          <params>
            <param index="0">
              <value>
                <![CDATA[http://automationpractice.com/index.php]]>
              </value>
            </param>
            <param index="1">
              <value>
                <![CDATA[test0000@test.io]]>
              </value>
            </param>
            <param index="2">
              <value>
                <![CDATA[Pass1234]]>
              </value>
            </param>
            <param index="3">
              <value>
                <![CDATA[2]]>
              </value>
            </param>
            <param index="4">
              <value>
                <![CDATA[L]]>
              </value>
            </param>
          </params>
          <reporter-output>
          </reporter-output>
        </test-method> <!-- buyProduct -->
        <test-method is-config="true" signature="tearDown()[pri:0, instance:com.hexaware.da.test_06_buyProduct@71984c3]" started-at="2022-02-14T16:22:38 CST" name="tearDown" finished-at="2022-02-14T16:22:38 CST" duration-ms="81" status="PASS">
          <reporter-output>
          </reporter-output>
        </test-method> <!-- tearDown -->
      </class> <!-- com.hexaware.da.test_06_buyProduct -->
      <class name="com.hexaware.da.test_08_verifyTotalPrice">
        <test-method is-config="true" signature="setup()[pri:0, instance:com.hexaware.da.test_08_verifyTotalPrice@5536379e]" started-at="2022-02-14T16:19:15 CST" name="setup" finished-at="2022-02-14T16:19:16 CST" duration-ms="1211" status="PASS">
          <reporter-output>
          </reporter-output>
        </test-method> <!-- setup -->
        <test-method signature="verifyTotalPrice(java.lang.String,java.lang.String,java.lang.String,java.lang.String,java.lang.String,java.lang.String)[pri:0, instance:com.hexaware.da.test_08_verifyTotalPrice@5536379e]" started-at="2022-02-14T16:22:11 CST" name="verifyTotalPrice" data-provider="TC08" finished-at="2022-02-14T16:22:37 CST" duration-ms="26213" status="PASS">
          <params>
            <param index="0">
              <value>
                <![CDATA[http://automationpractice.com/index.php]]>
              </value>
            </param>
            <param index="1">
              <value>
                <![CDATA[test0000@test.io]]>
              </value>
            </param>
            <param index="2">
              <value>
                <![CDATA[Pass1234]]>
              </value>
            </param>
            <param index="3">
              <value>
                <![CDATA[M]]>
              </value>
            </param>
            <param index="4">
              <value>
                <![CDATA[1]]>
              </value>
            </param>
            <param index="5">
              <value>
                <![CDATA[3]]>
              </value>
            </param>
          </params>
          <reporter-output>
          </reporter-output>
        </test-method> <!-- verifyTotalPrice -->
        <test-method is-config="true" signature="tearDown()[pri:0, instance:com.hexaware.da.test_08_verifyTotalPrice@5536379e]" started-at="2022-02-14T16:22:38 CST" name="tearDown" finished-at="2022-02-14T16:22:38 CST" duration-ms="0" status="PASS">
          <reporter-output>
          </reporter-output>
        </test-method> <!-- tearDown -->
      </class> <!-- com.hexaware.da.test_08_verifyTotalPrice -->
      <class name="com.hexaware.da.test_03_errorMessageForMandatoryFields">
        <test-method is-config="true" signature="setupBrowser()[pri:0, instance:com.hexaware.da.test_03_errorMessageForMandatoryFields@2756c0a7]" started-at="2022-02-14T16:19:10 CST" name="setupBrowser" finished-at="2022-02-14T16:19:11 CST" duration-ms="1060" status="PASS">
          <reporter-output>
          </reporter-output>
        </test-method> <!-- setupBrowser -->
        <test-method signature="registerUser(java.lang.String,java.lang.String)[pri:0, instance:com.hexaware.da.test_03_errorMessageForMandatoryFields@2756c0a7]" started-at="2022-02-14T16:19:50 CST" name="registerUser" data-provider="tc03" finished-at="2022-02-14T16:20:05 CST" duration-ms="15025" status="PASS">
          <params>
            <param index="0">
              <value>
                <![CDATA[http://automationpractice.com/index.php]]>
              </value>
            </param>
            <param index="1">
              <value>
                <![CDATA[00000@test.io]]>
              </value>
            </param>
          </params>
          <reporter-output>
          </reporter-output>
        </test-method> <!-- registerUser -->
        <test-method is-config="true" signature="tearDown()[pri:0, instance:com.hexaware.da.test_03_errorMessageForMandatoryFields@2756c0a7]" started-at="2022-02-14T16:22:38 CST" name="tearDown" finished-at="2022-02-14T16:22:38 CST" duration-ms="87" status="PASS">
          <reporter-output>
          </reporter-output>
        </test-method> <!-- tearDown -->
      </class> <!-- com.hexaware.da.test_03_errorMessageForMandatoryFields -->
      <class name="com.hexaware.da.test_02_invalidEmail">
        <test-method is-config="true" signature="setupBrowser()[pri:0, instance:com.hexaware.da.test_02_invalidEmail@6f603e89]" started-at="2022-02-14T16:19:08 CST" name="setupBrowser" finished-at="2022-02-14T16:19:10 CST" duration-ms="1328" status="PASS">
          <reporter-output>
          </reporter-output>
        </test-method> <!-- setupBrowser -->
        <test-method signature="invalidEmail(java.lang.String,java.lang.String)[pri:0, instance:com.hexaware.da.test_02_invalidEmail@6f603e89]" started-at="2022-02-14T16:19:38 CST" name="invalidEmail" data-provider="tc02" finished-at="2022-02-14T16:19:49 CST" duration-ms="11918" status="PASS">
          <params>
            <param index="0">
              <value>
                <![CDATA[http://automationpractice.com/index.php]]>
              </value>
            </param>
            <param index="1">
              <value>
                <![CDATA[test@]]>
              </value>
            </param>
          </params>
          <reporter-output>
          </reporter-output>
        </test-method> <!-- invalidEmail -->
        <test-method is-config="true" signature="tearDown()[pri:0, instance:com.hexaware.da.test_02_invalidEmail@6f603e89]" started-at="2022-02-14T16:22:37 CST" name="tearDown" finished-at="2022-02-14T16:22:38 CST" duration-ms="132" status="PASS">
          <reporter-output>
          </reporter-output>
        </test-method> <!-- tearDown -->
      </class> <!-- com.hexaware.da.test_02_invalidEmail -->
      <class name="com.hexaware.da.test_07_wishList">
        <test-method is-config="true" signature="setup()[pri:0, instance:com.hexaware.da.test_07_wishList@165b2f7f]" started-at="2022-02-14T16:19:14 CST" name="setup" finished-at="2022-02-14T16:19:15 CST" duration-ms="1088" status="PASS">
          <reporter-output>
          </reporter-output>
        </test-method> <!-- setup -->
        <test-method signature="wishList(java.lang.String,java.lang.String)[pri:0, instance:com.hexaware.da.test_07_wishList@165b2f7f]" started-at="2022-02-14T16:22:02 CST" name="wishList" data-provider="TC07" finished-at="2022-02-14T16:22:11 CST" duration-ms="8490" status="PASS">
          <params>
            <param index="0">
              <value>
                <![CDATA[http://automationpractice.com/index.php]]>
              </value>
            </param>
            <param index="1">
              <value>
                <![CDATA[You must be logged in to manage your wishlist.]]>
              </value>
            </param>
          </params>
          <reporter-output>
          </reporter-output>
        </test-method> <!-- wishList -->
        <test-method is-config="true" signature="tearDown()[pri:0, instance:com.hexaware.da.test_07_wishList@165b2f7f]" started-at="2022-02-14T16:22:38 CST" name="tearDown" finished-at="2022-02-14T16:22:38 CST" duration-ms="75" status="PASS">
          <reporter-output>
          </reporter-output>
        </test-method> <!-- tearDown -->
      </class> <!-- com.hexaware.da.test_07_wishList -->
    </test> <!-- /home/noah/Code/Selenium -->
  </suite> <!-- All Test Suite -->
</testng-results>
