<?xml version="1.0" encoding="UTF-8"?>
<!-- Generated by org.testng.reporters.JUnitXMLReporter -->
<testsuite ignored="0" hostname="Nirvana" failures="0" tests="9" name="/home/noah/Code/Selenium" time="212.177" errors="0" timestamp="2022-02-14T16:22:38 CST">
  <testcase classname="com.hexaware.da.test_01_registerUser" name="registerUser" time="17.937"/>
  <testcase classname="com.hexaware.da.test_02_invalidEmail" name="invalidEmail" time="11.918"/>
  <testcase classname="com.hexaware.da.test_03_errorMessageForMandatoryFields" name="registerUser" time="15.025"/>
  <testcase classname="com.hexaware.da.test_04_errorMessageForIncorrectValues" name="errorMsgForIncorrectValues" time="30.711"/>
  <testcase classname="com.hexaware.da.test_04_errorMessageForIncorrectValues" name="errorMsgForIncorrectValues" time="14.529"/>
  <testcase classname="com.hexaware.da.test_05_searchProduct" name="mouseOver" time="15.074"/>
  <testcase classname="com.hexaware.da.test_06_buyProduct" name="buyProduct" time="55.986"/>
  <testcase classname="com.hexaware.da.test_07_wishList" name="wishList" time="8.49"/>
  <testcase classname="com.hexaware.da.test_08_verifyTotalPrice" name="verifyTotalPrice" time="26.213"/>
</testsuite> <!-- /home/noah/Code/Selenium -->
